[debug] [2022-09-27T07:18:27.141Z] ----------------------------------------------------------------------
[debug] [2022-09-27T07:18:27.146Z] Command:       C:\Program Files\nodejs\node.exe C:\Program Files\nodejs\node_modules\firebase-tools\lib\bin\firebase.js init hosting
[debug] [2022-09-27T07:18:27.147Z] CLI Version:   11.10.0
[debug] [2022-09-27T07:18:27.147Z] Platform:      win32
[debug] [2022-09-27T07:18:27.147Z] Node Version:  v14.19.0
[debug] [2022-09-27T07:18:27.149Z] Time:          Tue Sep 27 2022 03:18:27 GMT-0400 (hora de Bolivia)
[debug] [2022-09-27T07:18:27.150Z] ----------------------------------------------------------------------
[debug] 
[debug] [2022-09-27T07:18:27.169Z] > command requires scopes: ["email","openid","https://www.googleapis.com/auth/cloudplatformprojects.readonly","https://www.googleapis.com/auth/firebase","https://www.googleapis.com/auth/cloud-platform"]
[debug] [2022-09-27T07:18:27.169Z] > authorizing via signed-in user (rojasdan666@gmail.com)
[info] 
     ######## #### ########  ######## ########     ###     ######  ########
     ##        ##  ##     ## ##       ##     ##  ##   ##  ##       ##
     ######    ##  ########  ######   ########  #########  ######  ######
     ##        ##  ##    ##  ##       ##     ## ##     ##       ## ##
     ##       #### ##     ## ######## ########  ##     ##  ######  ########

You're about to initialize a Firebase project in this directory:

  D:\Proyectos personales\01 Angular\Yanapay-net\yanapay-net

[info] 
=== Project Setup
[info] 
[info] First, let's associate this project directory with a Firebase project.
[info] You can create multiple project aliases by running firebase use --add, 
[info] but for now we'll just set up a default project.
[info] 
[debug] [2022-09-27T07:18:35.142Z] >>> [apiv2][query] GET https://firebase.googleapis.com/v1beta1/projects pageSize=100
[debug] [2022-09-27T07:18:36.507Z] <<< [apiv2][status] GET https://firebase.googleapis.com/v1beta1/projects 200
[debug] [2022-09-27T07:18:36.508Z] <<< [apiv2][body] GET https://firebase.googleapis.com/v1beta1/projects [omitted]
[info] i  Using project yanapay-net (yanapay-net) 
[info] 
=== Hosting Setup
[info] 
[info] Your public directory is the folder (relative to your project directory) that
[info] will contain Hosting assets to be uploaded with firebase deploy. If you
[info] have a build process for your assets, use your build's output directory.
[info] 
